\BOOKMARK [1][-]{section.1}{Introduction}{}% 1
\BOOKMARK [1][-]{section.2}{Economy}{}% 2
\BOOKMARK [2][-]{subsection.2.1}{Geography}{section.2}% 3
\BOOKMARK [2][-]{subsection.2.2}{Buyers}{section.2}% 4
\BOOKMARK [2][-]{subsection.2.3}{Firms}{section.2}% 5
\BOOKMARK [2][-]{subsection.2.4}{Idiosyncratic Tax}{section.2}% 6
\BOOKMARK [1][-]{section.3}{Model Definition}{}% 7
\BOOKMARK [2][-]{subsection.3.1}{Capacity Game}{section.3}% 8
\BOOKMARK [2][-]{subsection.3.2}{Pricing Game}{section.3}% 9
\BOOKMARK [2][-]{subsection.3.3}{Idiosyncratic Tax}{section.3}% 10
\BOOKMARK [2][-]{subsection.3.4}{Buyer Behavior and Rationing}{section.3}% 11
\BOOKMARK [2][-]{subsection.3.5}{Profit Function}{section.3}% 12
\BOOKMARK [1][-]{section.4}{Model Solution and Examples}{}% 13
\BOOKMARK [2][-]{subsection.4.1}{Numeric Solution}{section.4}% 14
\BOOKMARK [1][-]{section.5}{Dynamics}{}% 15
\BOOKMARK [1][-]{section.6}{Special Case when = 0}{}% 16
\BOOKMARK [1][-]{section.7}{Special Case when = }{}% 17
\BOOKMARK [2][-]{subsection.7.1}{What \040will cause monopolistic behavior?}{section.7}% 18
\BOOKMARK [1][-]{section.8}{Nash Equilibrium of the game}{}% 19
\BOOKMARK [1][-]{section.9}{Unequal tax model}{}% 20
\BOOKMARK [1][-]{section.10}{Open Questions}{}% 21
\BOOKMARK [2][-]{subsection.10.1}{Summary}{section.10}% 22
